#
# A fatal error has been detected by the Java Runtime Environment:
#
#  EXCEPTION_ACCESS_VIOLATION (0xc0000005) at pc=0x6cbbbafd, pid=19124, tid=0x0000498c
#
# JRE version: Java(TM) SE Runtime Environment (8.0_101-b13) (build 1.8.0_101-b13)
# Java VM: Java HotSpot(TM) Client VM (25.101-b13 mixed mode windows-x86 )
# Problematic frame:
# V  [jvm.dll+0xcbafd]
#
# Failed to write core dump. Minidumps are not enabled by default on client versions of Windows
#
# If you would like to submit a bug report, please visit:
#   http://bugreport.java.com/bugreport/crash.jsp
#

---------------  T H R E A D  ---------------

Current thread (0x15ac9800):  JavaThread "JDWP Transport Listener: dt_socket" daemon [_thread_in_vm, id=18828, stack(0x15f60000,0x15fb0000)]

siginfo: ExceptionCode=0xc0000005, reading address 0x00003b67

Registers:
EAX=0x00003b67, EBX=0x00000000, ECX=0x00003b67, EDX=0x00000000
ESP=0x15fafa08, EBP=0x15fafa0c, ESI=0x15ac9800, EDI=0x02ee9118
EIP=0x6cbbbafd, EFLAGS=0x00010202

Top of Stack: (sp=0x15fafa08)
0x15fafa08:   15ac9800 15fafa34 6cd19754 00003b67
0x15fafa18:   15fafaec 15fafa6f 15ac9800 00000000
0x15fafa28:   00000000 00000000 15ac9800 15fafa70
0x15fafa38:   73fc9f80 02ee9118 00003b67 15fafa6f
0x15fafa48:   00003b67 73fb436d 00003b67 15fafa6f
0x15fafa58:   00000004 00000000 00000000 00000001
0x15fafa68:   00000000 00ac3114 15fafa90 73fb44e0
0x15fafa78:   00000001 15fafaac 15fafae8 165c2740 

Instructions: (pc=0x6cbbbafd)
0x6cbbbadd:   5d c3 52 e8 5b f9 ff ff 5d c3 cc cc cc cc cc cc
0x6cbbbaed:   cc cc cc 55 8b ec 8b 45 08 85 c0 75 02 5d c3 56
0x6cbbbafd:   8b 30 85 f6 74 17 83 fe 37 74 12 8b 06 8b 50 08
0x6cbbbb0d:   8b ce ff d2 84 c0 74 05 8b c6 5e 5d c3 33 c0 5e 


Register to memory mapping:

EAX=0x00003b67 is an unknown value
EBX=0x00000000 is an unknown value
ECX=0x00003b67 is an unknown value
EDX=0x00000000 is an unknown value
ESP=0x15fafa08 is pointing into the stack for thread: 0x15ac9800
EBP=0x15fafa0c is pointing into the stack for thread: 0x15ac9800
ESI=0x15ac9800 is a thread
EDI=0x02ee9118 is an unknown value


Stack: [0x15f60000,0x15fb0000],  sp=0x15fafa08,  free space=318k
Native frames: (J=compiled Java code, j=interpreted, Vv=VM code, C=native code)
V  [jvm.dll+0xcbafd]
V  [jvm.dll+0x229754]
C  [jdwp.dll+0x19f80]
C  [jdwp.dll+0x44e0]
C  [jdwp.dll+0x451e]
C  0x12000000


---------------  P R O C E S S  ---------------

Java Threads: ( => current thread )
  0x165ed000 JavaThread "MQTT Ping: Groep8C" [_thread_blocked, id=4120, stack(0x23770000,0x237c0000)]
  0x165ee400 JavaThread "pool-1-thread-4" [_thread_blocked, id=8984, stack(0x236e0000,0x23730000)]
  0x165eb800 JavaThread "MQTT Call: Groep8C" [_thread_blocked, id=16292, stack(0x23650000,0x236a0000)]
  0x165e7400 JavaThread "MQTT Rec: Groep8C" [_thread_blocked, id=18456, stack(0x235c0000,0x23610000)]
  0x165e3400 JavaThread "MQTT Snd: Groep8C" [_thread_blocked, id=17084, stack(0x234a0000,0x234f0000)]
  0x164f6c00 JavaThread "Thread-2" [_thread_blocked, id=9352, stack(0x23410000,0x23460000)]
  0x164f4800 JavaThread "TimerQueue" daemon [_thread_blocked, id=9388, stack(0x23380000,0x233d0000)]
  0x02eed800 JavaThread "DestroyJavaVM" [_thread_blocked, id=5548, stack(0x01540000,0x01590000)]
  0x164eb000 JavaThread "D3D Screen Updater" daemon [_thread_blocked, id=10928, stack(0x22810000,0x22860000)]
  0x1645a000 JavaThread "AWT-EventQueue-0" [_thread_blocked, id=19792, stack(0x222d0000,0x22320000)]
  0x163e3800 JavaThread "AWT-Windows" daemon [_thread_blocked, id=13188, stack(0x16910000,0x16960000)]
  0x163e3000 JavaThread "AWT-Shutdown" [_thread_blocked, id=4144, stack(0x16880000,0x168d0000)]
  0x163dd400 JavaThread "Java2D Disposer" daemon [_thread_blocked, id=19724, stack(0x167d0000,0x16820000)]
  0x15b53c00 JavaThread "Service Thread" daemon [_thread_blocked, id=14324, stack(0x161a0000,0x161f0000)]
  0x15b54800 JavaThread "C1 CompilerThread0" daemon [_thread_blocked, id=17632, stack(0x16110000,0x16160000)]
  0x15ad0400 JavaThread "JDWP Command Reader" daemon [_thread_in_native, id=16640, stack(0x16080000,0x160d0000)]
  0x15acb800 JavaThread "JDWP Event Helper Thread" daemon [_thread_blocked, id=18628, stack(0x15ff0000,0x16040000)]
=>0x15ac9800 JavaThread "JDWP Transport Listener: dt_socket" daemon [_thread_in_vm, id=18828, stack(0x15f60000,0x15fb0000)]
  0x15ab9c00 JavaThread "Attach Listener" daemon [_thread_blocked, id=12880, stack(0x15ed0000,0x15f20000)]
  0x15a97400 JavaThread "Signal Dispatcher" daemon [_thread_blocked, id=5556, stack(0x15e40000,0x15e90000)]
  0x15a7c000 JavaThread "Finalizer" daemon [_thread_blocked, id=988, stack(0x15ca0000,0x15cf0000)]
  0x15a66000 JavaThread "Reference Handler" daemon [_thread_blocked, id=7532, stack(0x055a0000,0x055f0000)]

Other Threads:
  0x15a60c00 VMThread [stack: 0x05550000,0x055a0000] [id=15396]
  0x15b5d400 WatcherThread [stack: 0x16230000,0x16280000] [id=20296]

VM state:not at safepoint (normal execution)

VM Mutex/Monitor currently owned by a thread: None

Heap:
 def new generation   total 4928K, used 4597K [0x05600000, 0x05b50000, 0x0ab50000)
  eden space 4416K,  92% used [0x05600000, 0x059fd5b0, 0x05a50000)
  from space 512K, 100% used [0x05ad0000, 0x05b50000, 0x05b50000)
  to   space 512K,   0% used [0x05a50000, 0x05a50000, 0x05ad0000)
 tenured generation   total 10944K, used 1734K [0x0ab50000, 0x0b600000, 0x15600000)
   the space 10944K,  15% used [0x0ab50000, 0x0ad018c8, 0x0ad01a00, 0x0b600000)
 Metaspace       used 8079K, capacity 8280K, committed 8448K, reserved 8576K

Card table byte_map: [0x054c0000,0x05550000] byte_map_base: 0x05495000

Polling page: 0x013d0000

CodeCache: size=32768Kb used=1126Kb max_used=1128Kb free=31641Kb
 bounds [0x034c0000, 0x035e0000, 0x054c0000]
 total_blobs=538 nmethods=321 adapters=156
 compilation: enabled

Compilation events (10 events):
Event: 2.274 Thread 0x15b54800  316             sun.awt.AWTAutoShutdown::isReadyToShutdown (37 bytes)
Event: 2.274 Thread 0x15b54800 nmethod 316 0x035d82c8 code [0x035d83d0, 0x035d84c8]
Event: 2.388 Thread 0x15b54800  317             java.util.IdentityHashMap::isEmpty (13 bytes)
Event: 2.388 Thread 0x15b54800 nmethod 317 0x035d8548 code [0x035d8640, 0x035d86d0]
Event: 2.427 Thread 0x15b54800  318             java.lang.ref.WeakReference::<init> (6 bytes)
Event: 2.427 Thread 0x15b54800 nmethod 318 0x035d8708 code [0x035d8800, 0x035d88a0]
Event: 16.074 Thread 0x15b54800  320             java.security.AccessControlContext::optimize (318 bytes)
Event: 16.077 Thread 0x15b54800 nmethod 320 0x035d8a48 code [0x035d8c60, 0x035d9608]
Event: 16.084 Thread 0x15b54800  321             java.awt.Component::getParent (5 bytes)
Event: 16.084 Thread 0x15b54800 nmethod 321 0x035da008 code [0x035da100, 0x035da180]

GC Heap History (6 events):
Event: 0.208 GC heap before
{Heap before GC invocations=0 (full 0):
 def new generation   total 4928K, used 4416K [0x05600000, 0x05b50000, 0x0ab50000)
  eden space 4416K, 100% used [0x05600000, 0x05a50000, 0x05a50000)
  from space 512K,   0% used [0x05a50000, 0x05a50000, 0x05ad0000)
  to   space 512K,   0% used [0x05ad0000, 0x05ad0000, 0x05b50000)
 tenured generation   total 10944K, used 0K [0x0ab50000, 0x0b600000, 0x15600000)
   the space 10944K,   0% used [0x0ab50000, 0x0ab50000, 0x0ab50200, 0x0b600000)
 Metaspace       used 2958K, capacity 3093K, committed 3136K, reserved 4480K
Event: 0.210 GC heap after
Heap after GC invocations=1 (full 0):
 def new generation   total 4928K, used 512K [0x05600000, 0x05b50000, 0x0ab50000)
  eden space 4416K,   0% used [0x05600000, 0x05600000, 0x05a50000)
  from space 512K, 100% used [0x05ad0000, 0x05b50000, 0x05b50000)
  to   space 512K,   0% used [0x05a50000, 0x05a50000, 0x05ad0000)
 tenured generation   total 10944K, used 374K [0x0ab50000, 0x0b600000, 0x15600000)
   the space 10944K,   3% used [0x0ab50000, 0x0abad840, 0x0abada00, 0x0b600000)
 Metaspace       used 2958K, capacity 3093K, committed 3136K, reserved 4480K
}
Event: 0.381 GC heap before
{Heap before GC invocations=1 (full 0):
 def new generation   total 4928K, used 4920K [0x05600000, 0x05b50000, 0x0ab50000)
  eden space 4416K,  99% used [0x05600000, 0x05a4e2a8, 0x05a50000)
  from space 512K, 100% used [0x05ad0000, 0x05b50000, 0x05b50000)
  to   space 512K,   0% used [0x05a50000, 0x05a50000, 0x05ad0000)
 tenured generation   total 10944K, used 374K [0x0ab50000, 0x0b600000, 0x15600000)
   the space 10944K,   3% used [0x0ab50000, 0x0abad840, 0x0abada00, 0x0b600000)
 Metaspace       used 5592K, capacity 5769K, committed 5888K, reserved 6528K
Event: 0.383 GC heap after
Heap after GC invocations=2 (full 0):
 def new generation   total 4928K, used 512K [0x05600000, 0x05b50000, 0x0ab50000)
  eden space 4416K,   0% used [0x05600000, 0x05600000, 0x05a50000)
  from space 512K, 100% used [0x05a50000, 0x05ad0000, 0x05ad0000)
  to   space 512K,   0% used [0x05ad0000, 0x05ad0000, 0x05b50000)
 tenured generation   total 10944K, used 1045K [0x0ab50000, 0x0b600000, 0x15600000)
   the space 10944K,   9% used [0x0ab50000, 0x0ac55688, 0x0ac55800, 0x0b600000)
 Metaspace       used 5592K, capacity 5769K, committed 5888K, reserved 6528K
}
Event: 2.217 GC heap before
{Heap before GC invocations=2 (full 0):
 def new generation   total 4928K, used 4928K [0x05600000, 0x05b50000, 0x0ab50000)
  eden space 4416K, 100% used [0x05600000, 0x05a50000, 0x05a50000)
  from space 512K, 100% used [0x05a50000, 0x05ad0000, 0x05ad0000)
  to   space 512K,   0% used [0x05ad0000, 0x05ad0000, 0x05b50000)
 tenured generation   total 10944K, used 1045K [0x0ab50000, 0x0b600000, 0x15600000)
   the space 10944K,   9% used [0x0ab50000, 0x0ac55688, 0x0ac55800, 0x0b600000)
 Metaspace       used 7459K, capacity 7633K, committed 7680K, reserved 8576K
Event: 2.220 GC heap after
Heap after GC invocations=3 (full 0):
 def new generation   total 4928K, used 512K [0x05600000, 0x05b50000, 0x0ab50000)
  eden space 4416K,   0% used [0x05600000, 0x05600000, 0x05a50000)
  from space 512K, 100% used [0x05ad0000, 0x05b50000, 0x05b50000)
  to   space 512K,   0% used [0x05a50000, 0x05a50000, 0x05ad0000)
 tenured generation   total 10944K, used 1734K [0x0ab50000, 0x0b600000, 0x15600000)
   the space 10944K,  15% used [0x0ab50000, 0x0ad018c8, 0x0ad01a00, 0x0b600000)
 Metaspace       used 7459K, capacity 7633K, committed 7680K, reserved 8576K
}

Deoptimization events (0 events):
No events

Internal exceptions (10 events):
Event: 0.174 Thread 0x02eed800 Exception <a 'java/security/PrivilegedActionException'> (0x058a3728) thrown at [C:\re\workspace\8-2-build-windows-i586-cygwin\jdk8u101\7261\hotspot\src\share\vm\prims\jvm.cpp, line 1386]
Event: 0.174 Thread 0x02eed800 Exception <a 'java/security/PrivilegedActionException'> (0x058a3928) thrown at [C:\re\workspace\8-2-build-windows-i586-cygwin\jdk8u101\7261\hotspot\src\share\vm\prims\jvm.cpp, line 1386]
Event: 0.175 Thread 0x02eed800 Exception <a 'java/security/PrivilegedActionException'> (0x058a7a00) thrown at [C:\re\workspace\8-2-build-windows-i586-cygwin\jdk8u101\7261\hotspot\src\share\vm\prims\jvm.cpp, line 1386]
Event: 0.175 Thread 0x02eed800 Exception <a 'java/security/PrivilegedActionException'> (0x058a7c00) thrown at [C:\re\workspace\8-2-build-windows-i586-cygwin\jdk8u101\7261\hotspot\src\share\vm\prims\jvm.cpp, line 1386]
Event: 0.179 Thread 0x02eed800 Exception <a 'java/io/FileNotFoundException'> (0x058ba470) thrown at [C:\re\workspace\8-2-build-windows-i586-cygwin\jdk8u101\7261\hotspot\src\share\vm\prims\jni.cpp, line 709]
Event: 0.201 Thread 0x02eed800 Exception <a 'java/lang/NoSuchFieldError': method resolution failed> (0x059d4738) thrown at [C:\re\workspace\8-2-build-windows-i586-cygwin\jdk8u101\7261\hotspot\src\share\vm\prims\methodHandles.cpp, line 1146]
Event: 0.202 Thread 0x02eed800 Exception <a 'java/lang/NoSuchFieldError': method resolution failed> (0x059e1370) thrown at [C:\re\workspace\8-2-build-windows-i586-cygwin\jdk8u101\7261\hotspot\src\share\vm\prims\methodHandles.cpp, line 1146]
Event: 0.229 Thread 0x02eed800 Exception <a 'java/io/FileNotFoundException'> (0x056dad48) thrown at [C:\re\workspace\8-2-build-windows-i586-cygwin\jdk8u101\7261\hotspot\src\share\vm\prims\jni.cpp, line 709]
Event: 0.384 Thread 0x02eed800 Exception <a 'java/io/FileNotFoundException'> (0x05602740) thrown at [C:\re\workspace\8-2-build-windows-i586-cygwin\jdk8u101\7261\hotspot\src\share\vm\prims\jni.cpp, line 709]
Event: 0.384 Thread 0x02eed800 Exception <a 'java/lang/NullPointerException'> (0x05602f30) thrown at [C:\re\workspace\8-2-build-windows-i586-cygwin\jdk8u101\7261\hotspot\src\share\vm\interpreter\linkResolver.cpp, line 1178]

Events (10 events):
Event: 72.262 Executing VM operation: ChangeBreakpoints
Event: 72.262 Executing VM operation: ChangeBreakpoints done
Event: 72.262 Executing VM operation: ChangeBreakpoints
Event: 72.262 Executing VM operation: ChangeBreakpoints done
Event: 72.262 Executing VM operation: ChangeBreakpoints
Event: 72.262 Executing VM operation: ChangeBreakpoints done
Event: 72.292 Executing VM operation: RedefineClasses
Event: 72.293 Executing VM operation: RedefineClasses done
Event: 72.294 Executing VM operation: GetOrSetLocal
Event: 72.294 Executing VM operation: GetOrSetLocal done


Dynamic libraries:
0x001c0000 - 0x001f3000 	C:\Program Files (x86)\Java\jdk1.8.0_101\bin\java.exe
0x77c40000 - 0x77dd0000 	C:\WINDOWS\SYSTEM32\ntdll.dll
0x77870000 - 0x77950000 	C:\WINDOWS\System32\KERNEL32.DLL
0x75f10000 - 0x760f4000 	C:\WINDOWS\System32\KERNELBASE.dll
0x72d80000 - 0x72e1d000 	C:\WINDOWS\SYSTEM32\apphelp.dll
0x75ab0000 - 0x75b28000 	C:\WINDOWS\System32\ADVAPI32.dll
0x75b40000 - 0x75bff000 	C:\WINDOWS\System32\msvcrt.dll
0x74fd0000 - 0x75014000 	C:\WINDOWS\System32\sechost.dll
0x77750000 - 0x77810000 	C:\WINDOWS\System32\RPCRT4.dll
0x74500000 - 0x74520000 	C:\WINDOWS\System32\SspiCli.dll
0x744f0000 - 0x744fa000 	C:\WINDOWS\System32\CRYPTBASE.dll
0x77810000 - 0x77868000 	C:\WINDOWS\System32\bcryptPrimitives.dll
0x775c0000 - 0x7774d000 	C:\WINDOWS\System32\USER32.dll
0x74520000 - 0x74537000 	C:\WINDOWS\System32\win32u.dll
0x75c60000 - 0x75c82000 	C:\WINDOWS\System32\GDI32.dll
0x74e60000 - 0x74fc4000 	C:\WINDOWS\System32\gdi32full.dll
0x74b50000 - 0x74bcd000 	C:\WINDOWS\System32\msvcp_win.dll
0x74c80000 - 0x74d9d000 	C:\WINDOWS\System32\ucrtbase.dll
0x739e0000 - 0x73be4000 	C:\WINDOWS\WinSxS\x86_microsoft.windows.common-controls_6595b64144ccf1df_6.0.17134.648_none_42f2d7c044decfd8\COMCTL32.dll
0x75020000 - 0x7527c000 	C:\WINDOWS\System32\combase.dll
0x75280000 - 0x752a6000 	C:\WINDOWS\System32\IMM32.DLL
0x74040000 - 0x740ff000 	C:\Program Files (x86)\Java\jdk1.8.0_101\jre\bin\msvcr100.dll
0x6caf0000 - 0x6cebc000 	C:\Program Files (x86)\Java\jdk1.8.0_101\jre\bin\client\jvm.dll
0x75c50000 - 0x75c56000 	C:\WINDOWS\System32\PSAPI.DLL
0x73bf0000 - 0x73bf8000 	C:\WINDOWS\SYSTEM32\VERSION.dll
0x71c80000 - 0x71ca4000 	C:\WINDOWS\SYSTEM32\WINMM.dll
0x708d0000 - 0x708d8000 	C:\WINDOWS\SYSTEM32\WSOCK32.dll
0x75d50000 - 0x75db7000 	C:\WINDOWS\System32\WS2_32.dll
0x713e0000 - 0x71403000 	C:\WINDOWS\SYSTEM32\WINMMBASE.dll
0x75c10000 - 0x75c49000 	C:\WINDOWS\System32\cfgmgr32.dll
0x74030000 - 0x7403c000 	C:\Program Files (x86)\Java\jdk1.8.0_101\jre\bin\verify.dll
0x74000000 - 0x74021000 	C:\Program Files (x86)\Java\jdk1.8.0_101\jre\bin\java.dll
0x73fb0000 - 0x73fd9000 	C:\Program Files (x86)\Java\jdk1.8.0_101\jre\bin\jdwp.dll
0x73fa0000 - 0x73fa7000 	C:\Program Files (x86)\Java\jdk1.8.0_101\jre\bin\npt.dll
0x73f80000 - 0x73fa0000 	C:\Program Files (x86)\Java\jdk1.8.0_101\jre\bin\instrument.dll
0x73fe0000 - 0x73ff3000 	C:\Program Files (x86)\Java\jdk1.8.0_101\jre\bin\zip.dll
0x76270000 - 0x775ba000 	C:\WINDOWS\System32\SHELL32.dll
0x753d0000 - 0x75458000 	C:\WINDOWS\System32\shcore.dll
0x754f0000 - 0x75aaa000 	C:\WINDOWS\System32\windows.storage.dll
0x75300000 - 0x75345000 	C:\WINDOWS\System32\shlwapi.dll
0x75d40000 - 0x75d4f000 	C:\WINDOWS\System32\kernel.appcore.dll
0x74e40000 - 0x74e58000 	C:\WINDOWS\System32\profapi.dll
0x75c90000 - 0x75cd5000 	C:\WINDOWS\System32\powrprof.dll
0x75b30000 - 0x75b38000 	C:\WINDOWS\System32\FLTLIB.DLL
0x73f70000 - 0x73f78000 	C:\Program Files (x86)\Java\jdk1.8.0_101\jre\bin\dt_socket.dll
0x70730000 - 0x70786000 	C:\WINDOWS\system32\mswsock.dll
0x6c1a0000 - 0x6c2e5000 	C:\Program Files (x86)\Java\jdk1.8.0_101\jre\bin\awt.dll
0x74be0000 - 0x74c76000 	C:\WINDOWS\System32\OLEAUT32.dll
0x71410000 - 0x71433000 	C:\WINDOWS\system32\DWMAPI.DLL
0x74470000 - 0x744ec000 	C:\WINDOWS\system32\uxtheme.dll
0x75dc0000 - 0x75f03000 	C:\WINDOWS\System32\MSCTF.dll
0x74620000 - 0x7471c000 	C:\WINDOWS\System32\ole32.dll
0x65070000 - 0x651df000 	C:\WINDOWS\system32\d3d9.dll
0x658d0000 - 0x65997000 	C:\WINDOWS\System32\DriverStore\FileRepository\nv_dispi.inf_amd64_4aa19ae78d94d8a3\nvldumd.dll
0x779b0000 - 0x77b46000 	C:\WINDOWS\System32\crypt32.dll
0x74da0000 - 0x74dae000 	C:\WINDOWS\System32\MSASN1.dll
0x752b0000 - 0x752f7000 	C:\WINDOWS\System32\WINTRUST.DLL
0x753b0000 - 0x753c9000 	C:\WINDOWS\System32\imagehlp.dll
0x70410000 - 0x70423000 	C:\WINDOWS\SYSTEM32\CRYPTSP.dll
0x703e0000 - 0x7040f000 	C:\WINDOWS\system32\rsaenh.dll
0x71cd0000 - 0x71ce9000 	C:\WINDOWS\SYSTEM32\bcrypt.dll
0x63fa0000 - 0x6506d000 	C:\WINDOWS\System32\DriverStore\FileRepository\nv_dispi.inf_amd64_4aa19ae78d94d8a3\nvd3dum.dll
0x5ccc0000 - 0x5cd6a000 	C:\Program Files (x86)\NVIDIA Corporation\3D Vision\nvSCPAPI.dll
0x74720000 - 0x74b4b000 	C:\WINDOWS\System32\SETUPAPI.dll
0x5ca90000 - 0x5ccbf000 	C:\WINDOWS\system32\nvspcap.dll
0x70a40000 - 0x70a69000 	C:\WINDOWS\SYSTEM32\ntmarta.dll
0x706c0000 - 0x706de000 	C:\WINDOWS\SYSTEM32\gpapi.dll
0x73eb0000 - 0x73ed6000 	C:\WINDOWS\SYSTEM32\cryptnet.dll
0x22210000 - 0x22249000 	C:\Program Files (x86)\Java\jdk1.8.0_101\jre\bin\fontmanager.dll
0x73f50000 - 0x73f66000 	C:\Program Files (x86)\Java\jdk1.8.0_101\jre\bin\net.dll
0x73f40000 - 0x73f4f000 	C:\Program Files (x86)\Java\jdk1.8.0_101\jre\bin\nio.dll
0x22250000 - 0x22282000 	C:\Program Files (x86)\Java\jdk1.8.0_101\jre\bin\t2k.dll
0x74db0000 - 0x74e33000 	C:\WINDOWS\System32\clbcatq.dll
0x69110000 - 0x69281000 	C:\WINDOWS\SYSTEM32\WindowsCodecs.dll
0x5f210000 - 0x5f25f000 	C:\WINDOWS\system32\dataexchange.dll
0x5ee70000 - 0x5efac000 	C:\WINDOWS\system32\dcomp.dll
0x5efb0000 - 0x5f202000 	C:\WINDOWS\system32\d3d11.dll
0x5f260000 - 0x5f2f8000 	C:\WINDOWS\system32\dxgi.dll
0x5ed00000 - 0x5ee65000 	C:\WINDOWS\system32\twinapi.appcore.dll
0x5ecd0000 - 0x5ecf1000 	C:\WINDOWS\system32\RMCLIENT.dll
0x5c3f0000 - 0x5c46d000 	C:\WINDOWS\System32\TextInputFramework.dll
0x5c190000 - 0x5c3ed000 	C:\WINDOWS\System32\CoreUIComponents.dll
0x5c100000 - 0x5c18b000 	C:\WINDOWS\System32\CoreMessaging.dll
0x74120000 - 0x741f6000 	C:\WINDOWS\SYSTEM32\wintypes.dll
0x73e50000 - 0x73ea6000 	C:\WINDOWS\system32\Oleacc.dll
0x715f0000 - 0x7167e000 	C:\WINDOWS\SYSTEM32\DNSAPI.dll
0x74bd0000 - 0x74bd7000 	C:\WINDOWS\System32\NSI.dll
0x73c00000 - 0x73c30000 	C:\WINDOWS\SYSTEM32\IPHLPAPI.DLL
0x21680000 - 0x21688000 	C:\Windows\System32\rasadhlp.dll
0x21690000 - 0x216df000 	C:\WINDOWS\System32\fwpuclnt.dll
0x6b070000 - 0x6b1f2000 	C:\WINDOWS\SYSTEM32\dbghelp.dll

VM Arguments:
jvm_args: -agentlib:jdwp=transport=dt_socket,address=127.0.0.1:55966,suspend=y,server=n -javaagent:C:\Users\Fadi\.IdeaIC2017.3\system\captureAgent\debugger-agent.jar=C:\Users\Fadi\AppData\Local\Temp\capture1231.props -Dfile.encoding=UTF-8 
java_command: Launcher
java_class_path (initial): C:\Program Files (x86)\Java\jdk1.8.0_101\jre\lib\charsets.jar;C:\Program Files (x86)\Java\jdk1.8.0_101\jre\lib\deploy.jar;C:\Program Files (x86)\Java\jdk1.8.0_101\jre\lib\ext\access-bridge-32.jar;C:\Program Files (x86)\Java\jdk1.8.0_101\jre\lib\ext\cldrdata.jar;C:\Program Files (x86)\Java\jdk1.8.0_101\jre\lib\ext\dnsns.jar;C:\Program Files (x86)\Java\jdk1.8.0_101\jre\lib\ext\jaccess.jar;C:\Program Files (x86)\Java\jdk1.8.0_101\jre\lib\ext\jfxrt.jar;C:\Program Files (x86)\Java\jdk1.8.0_101\jre\lib\ext\localedata.jar;C:\Program Files (x86)\Java\jdk1.8.0_101\jre\lib\ext\nashorn.jar;C:\Program Files (x86)\Java\jdk1.8.0_101\jre\lib\ext\sunec.jar;C:\Program Files (x86)\Java\jdk1.8.0_101\jre\lib\ext\sunjce_provider.jar;C:\Program Files (x86)\Java\jdk1.8.0_101\jre\lib\ext\sunmscapi.jar;C:\Program Files (x86)\Java\jdk1.8.0_101\jre\lib\ext\sunpkcs11.jar;C:\Program Files (x86)\Java\jdk1.8.0_101\jre\lib\ext\zipfs.jar;C:\Program Files (x86)\Java\jdk1.8.0_101\jre\lib\javaws.jar;C:\Program Files (x86)\Java\jdk1.8.0_101\jre\lib\jce.jar;C:\Program Files (x86)\Java\jdk1.8.0_101\jre\lib\jfr.jar;C:\Program Files (x86)\Java\jdk1.8.0_101\jre\lib\jfxswt.jar;C:\Program Files (x86)\Java\jdk1.8.0_101\jre\lib\jsse.jar;C:\Program Files (x86)\Java\jdk1.8.0_101\jre\lib\management-agent.jar;C:\Program Files (x86)\Java\jdk1.8.0_101\jre\lib\plugin.jar;C:\Program Files (x86)\Java\jdk1.8.0_101\jre\lib\resources.jar;C:\Program Files (x86)\Java\jdk1.8.0_101\jre\lib\rt.jar;C:\Users\Fadi\Documents\GitHub\Intersection-Controller\target\classes;C:\Users\Fadi\.m2\repository\org\eclipse\paho\org.eclipse.paho.client.mqttv3\1.2.0\org.eclipse.paho.client.mqttv3-1.2.0.jar;D:\Program Files\IntelliJ IDEA Community Edition 2017.3.3\lib\idea_rt.jar;C:\Users\Fadi\.IdeaIC2017.3\system\captureAgent\debugger-agent.jar
Launcher Type: SUN_STANDARD

Environment Variables:
PATH=C:\Program Files (x86)\Common Files\Oracle\Java\javapath;C:\Program Files (x86)\Intel\iCLS Client\;C:\Program Files\Intel\iCLS Client\;C:\ProgramData\Oracle\Java\javapath;C:\Windows\system32;C:\Windows;C:\Windows\System32\Wbem;C:\Windows\System32\WindowsPowerShell\v1.0\;C:\WINDOWS\system32;C:\WINDOWS;C:\WINDOWS\System32\Wbem;C:\WINDOWS\System32\WindowsPowerShell\v1.0\;C:\WINDOWS\system32\config\systemprofile\.dnx\bin;C:\Program Files\Microsoft DNX\Dnvm\;C:\Program Files\Microsoft SQL Server\130\Tools\Binn\;C:\Program Files (x86)\Intel\Intel(R) Management Engine Components\DAL;C:\Program Files\Intel\Intel(R) Management Engine Components\DAL;C:\Program Files (x86)\Intel\Intel(R) Management Engine Components\IPT;C:\Program Files\Intel\Intel(R) Management Engine Components\IPT;C:\Program Files\Prio;C:\Program Files\Microsoft\Web Platform Installer\;C:\Program Files\dotnet\;C:\WINDOWS\System32\OpenSSH\;C:\Program Files\NVIDIA Corporation\NVIDIA NGX;C:\Program Files\NVIDIA Corporation\NVIDIA NvDLISR;C:\Program Files (x86)\NVIDIA Corporation\PhysX\Common;D:\Program Files\nodejs\;D:\Program Files\nodejs\node_modules\npm\bin;C:\Users\Fadi\AppData\Local\Microsoft\WindowsApps;D:\Program Files\Microsoft VS Code\bin;C:\Users\Fadi\AppData\Roaming\npm
USERNAME=Fadi
OS=Windows_NT
PROCESSOR_IDENTIFIER=Intel64 Family 6 Model 94 Stepping 3, GenuineIntel



---------------  S Y S T E M  ---------------

OS: Windows 10.0 , 64 bit Build 17134 (10.0.17134.648)

CPU:total 8 (4 cores per cpu, 2 threads per core) family 6 model 94 stepping 3, cmov, cx8, fxsr, mmx, sse, sse2, sse3, ssse3, sse4.1, sse4.2, popcnt, avx, avx2, aes, clmul, erms, rtm, 3dnowpref, lzcnt, ht, tsc, tscinvbit, bmi1, bmi2, adx

Memory: 4k page, physical 8301644k(1938948k free), swap 20884556k(7087360k free)

vm_info: Java HotSpot(TM) Client VM (25.101-b13) for windows-x86 JRE (1.8.0_101-b13), built on Jun 22 2016 00:45:44 by "java_re" with MS VC++ 10.0 (VS2010)

time: Fri Mar 22 17:49:28 2019
elapsed time: 72 seconds (0d 0h 1m 12s)

